<?xml version="1.0" encoding="UTF-8"?>
<testng-results skipped="0" failed="0" ignored="5" total="6" passed="1">
  <reporter-output>
    <line>
      <![CDATA[Executing Method : staticWait]]>
    </line>
    <line>
      <![CDATA[Executing Method : mouseHoverJScript]]>
    </line>
    <line>
      <![CDATA[Executing Method : click]]>
    </line>
  </reporter-output>
  <suite name="Suite" duration-ms="2199" started-at="2022-07-06T22:16:59 IST" finished-at="2022-07-06T22:17:01 IST">
    <groups>
    </groups>
    <test name="Test" duration-ms="2199" started-at="2022-07-06T22:16:59 IST" finished-at="2022-07-06T22:17:01 IST">
      <class name="sportstak.SportsTakTest">
        <test-method status="PASS" signature="launch()[pri:0, instance:sportstak.SportsTakTest@396f6598]" name="launch" is-config="true" duration-ms="60" started-at="2022-07-06T22:16:59 IST" finished-at="2022-07-06T22:16:59 IST">
          <reporter-output>
          </reporter-output>
        </test-method> <!-- launch -->
        <test-method status="PASS" signature="changeTheme_Test1()[pri:0, instance:sportstak.SportsTakTest@396f6598]" name="changeTheme_Test1" duration-ms="2065" started-at="2022-07-06T22:16:59 IST" finished-at="2022-07-06T22:17:01 IST">
          <reporter-output>
            <line>
              <![CDATA[Executing Method : mouseHoverJScript]]>
            </line>
            <line>
              <![CDATA[Executing Method : click]]>
            </line>
          </reporter-output>
        </test-method> <!-- changeTheme_Test1 -->
      </class> <!-- sportstak.SportsTakTest -->
    </test> <!-- Test -->
  </suite> <!-- Suite -->
</testng-results>
