<?xml version="1.0" encoding="UTF-8"?>
<!-- Generated by org.testng.reporters.JUnitXMLReporter -->
<testsuite hostname="EKA-BLR-L0468" ignored="5" name="Test" tests="1" failures="0" timestamp="2022-07-06T22:17:01 IST" time="2.199" errors="0">
  <testcase name="changeTheme_Test1" time="2.065" classname="sportstak.SportsTakTest"/>
  <testcase name="verifyBrokenLinksBuzz_Test" time="0.0" classname="sportstak.SportsTakTest">
    <ignored/>
  </testcase> <!-- verifyBrokenLinksBuzz_Test -->
  <testcase name="changeTheme_Test" time="0.0" classname="sportstak.SportsTakTest">
    <ignored/>
  </testcase> <!-- changeTheme_Test -->
  <testcase name="openUrlAndChangeLanguage_Test" time="0.0" classname="sportstak.SportsTakTest">
    <ignored/>
  </testcase> <!-- openUrlAndChangeLanguage_Test -->
  <testcase name="changeBackLanguage_Test" time="0.0" classname="sportstak.SportsTakTest">
    <ignored/>
  </testcase> <!-- changeBackLanguage_Test -->
  <testcase name="verifyBrokenLinksHomepage_Test" time="0.0" classname="sportstak.SportsTakTest">
    <ignored/>
  </testcase> <!-- verifyBrokenLinksHomepage_Test -->
</testsuite> <!-- Test -->
